#
# There is insufficient memory for the Java Runtime Environment to continue.
# Native memory allocation (malloc) failed to allocate 1048576 bytes for AllocateHeap
# Possible reasons:
#   The system is out of physical RAM or swap space
#   In 32 bit mode, the process size limit was hit
# Possible solutions:
#   Reduce memory load on the system
#   Increase physical memory or swap space
#   Check if swap backing store is full
#   Use 64 bit Java on a 64 bit OS
#   Decrease Java heap size (-Xmx/-Xms)
#   Decrease number of Java threads
#   Decrease Java thread stack sizes (-Xss)
#   Set larger code cache with -XX:ReservedCodeCacheSize=
# This output file may be truncated or incomplete.
#
#  Out of Memory Error (memory/allocation.inline.hpp:61), pid=2456, tid=0x0000000000002cd4
#
# JRE version:  (8.0_144-b01) (build )
# Java VM: Java HotSpot(TM) 64-Bit Server VM (25.144-b01 mixed mode windows-amd64 compressed oops)
# Failed to write core dump. Minidumps are not enabled by default on client versions of Windows
#

---------------  T H R E A D  ---------------

Current thread (0x00000000029e3000):  JavaThread "Unknown thread" [_thread_in_vm, id=11476, stack(0x0000000002660000,0x0000000002760000)]

Stack: [0x0000000002660000,0x0000000002760000]
[error occurred during error reporting (printing stack bounds), id 0xc0000005]

Native frames: (J=compiled Java code, j=interpreted, Vv=VM code, C=native code)


---------------  P R O C E S S  ---------------

Java Threads: ( => current thread )

Other Threads:

=>0x00000000029e3000 (exited) JavaThread "Unknown thread" [_thread_in_vm, id=11476, stack(0x0000000002660000,0x0000000002760000)]

VM state:not at safepoint (normal execution)

VM Mutex/Monitor currently owned by a thread: None

Heap:
 PSYoungGen      total 18944K, used 327K [0x00000000eb380000, 0x00000000ec880000, 0x0000000100000000)
  eden space 16384K, 2% used [0x00000000eb380000,0x00000000eb3d1ec8,0x00000000ec380000)
  from space 2560K, 0% used [0x00000000ec600000,0x00000000ec600000,0x00000000ec880000)
  to   space 2560K, 0% used [0x00000000ec380000,0x00000000ec380000,0x00000000ec600000)
 ParOldGen       total 44032K, used 0K [0x00000000c1a00000, 0x00000000c4500000, 0x00000000eb380000)
  object space 44032K, 0% used [0x00000000c1a00000,0x00000000c1a00000,0x00000000c4500000)
 Metaspace       used 783K, capacity 1092K, committed 1152K, reserved 1060864K
  class space    used 75K, capacity 384K, committed 384K, reserved 1048576K

Card table byte_map: [0x0000000011ea0000,0x00000000120a0000] byte_map_base: 0x0000000011893000

Marking Bits: (ParMarkBitMap*) 0x000000006191d850
 Begin Bits: [0x00000000125f0000, 0x0000000013588000)
 End Bits:   [0x0000000013588000, 0x0000000014520000)

Polling page: 0x0000000000b50000

CodeCache: size=245760Kb used=328Kb max_used=328Kb free=245431Kb
 bounds [0x0000000002ae0000, 0x0000000002d50000, 0x0000000011ae0000]
 total_blobs=58 nmethods=0 adapters=38
 compilation: enabled

Compilation events (0 events):
No events

GC Heap History (0 events):
No events

Deoptimization events (0 events):
No events

Internal exceptions (0 events):
No events

Events (10 events):
Event: 1.821 loading class java/lang/Short
Event: 1.821 loading class java/lang/Short done
Event: 1.821 loading class java/lang/Integer
Event: 1.822 loading class java/lang/Integer done
Event: 1.822 loading class java/lang/Long
Event: 1.822 loading class java/lang/Long done
Event: 1.822 loading class java/lang/NullPointerException
Event: 1.822 loading class java/lang/NullPointerException done
Event: 1.822 loading class java/lang/ArithmeticException
Event: 1.822 loading class java/lang/ArithmeticException done


Dynamic libraries:
0x00007ff6433b0000 - 0x00007ff6433e7000 	C:\Program Files\Java\jdk1.8.0_144\bin\java.exe
0x00007ff904350000 - 0x00007ff904531000 	C:\WINDOWS\SYSTEM32\ntdll.dll
0x00007ff8fe080000 - 0x00007ff8fe0b4000 	C:\Program Files\AVAST Software\Avast\x64\aswhooka.dll
0x00007ff903d50000 - 0x00007ff903e02000 	C:\WINDOWS\System32\KERNEL32.DLL
0x00007ff901120000 - 0x00007ff901393000 	C:\WINDOWS\System32\KERNELBASE.dll
0x00007ff9017e0000 - 0x00007ff901881000 	C:\WINDOWS\System32\ADVAPI32.dll
0x00007ff904270000 - 0x00007ff90430e000 	C:\WINDOWS\System32\msvcrt.dll
0x00007ff901890000 - 0x00007ff9018eb000 	C:\WINDOWS\System32\sechost.dll
0x00007ff9039a0000 - 0x00007ff903ac4000 	C:\WINDOWS\System32\RPCRT4.dll
0x00007ff901fe0000 - 0x00007ff902170000 	C:\WINDOWS\System32\USER32.dll
0x00007ff9014a0000 - 0x00007ff9014c0000 	C:\WINDOWS\System32\win32u.dll
0x00007ff903810000 - 0x00007ff903838000 	C:\WINDOWS\System32\GDI32.dll
0x00007ff900f80000 - 0x00007ff901112000 	C:\WINDOWS\System32\gdi32full.dll
0x00007ff900720000 - 0x00007ff9007bf000 	C:\WINDOWS\System32\msvcp_win.dll
0x00007ff9013a0000 - 0x00007ff90149a000 	C:\WINDOWS\System32\ucrtbase.dll
0x00007ff8f90b0000 - 0x00007ff8f9319000 	C:\WINDOWS\WinSxS\amd64_microsoft.windows.common-controls_6595b64144ccf1df_6.0.17134.165_none_fb429645306569ac\COMCTL32.dll
0x00007ff903f40000 - 0x00007ff904263000 	C:\WINDOWS\System32\combase.dll
0x00007ff901710000 - 0x00007ff90178a000 	C:\WINDOWS\System32\bcryptPrimitives.dll
0x00007ff903c50000 - 0x00007ff903c7d000 	C:\WINDOWS\System32\IMM32.DLL
0x00000000623a0000 - 0x0000000062472000 	C:\Program Files\Java\jdk1.8.0_144\jre\bin\msvcr100.dll
0x0000000061100000 - 0x000000006199d000 	C:\Program Files\Java\jdk1.8.0_144\jre\bin\server\jvm.dll
0x00007ff904310000 - 0x00007ff904318000 	C:\WINDOWS\System32\PSAPI.DLL
0x00007ff8eedb0000 - 0x00007ff8eedb9000 	C:\WINDOWS\SYSTEM32\WSOCK32.dll
0x00007ff903630000 - 0x00007ff90369c000 	C:\WINDOWS\System32\WS2_32.dll
0x00007ff8fe590000 - 0x00007ff8fe5b3000 	C:\WINDOWS\SYSTEM32\WINMM.dll
0x00007ff8f9a10000 - 0x00007ff8f9a1a000 	C:\WINDOWS\SYSTEM32\VERSION.dll
0x00007ff8fe560000 - 0x00007ff8fe58a000 	C:\WINDOWS\SYSTEM32\WINMMBASE.dll
0x00007ff901790000 - 0x00007ff9017d9000 	C:\WINDOWS\System32\cfgmgr32.dll
0x0000000062b40000 - 0x0000000062b4f000 	C:\Program Files\Java\jdk1.8.0_144\jre\bin\verify.dll
0x00000000610d0000 - 0x00000000610f9000 	C:\Program Files\Java\jdk1.8.0_144\jre\bin\java.dll
0x0000000060f60000 - 0x0000000060f83000 	C:\Program Files\Java\jdk1.8.0_144\jre\bin\instrument.dll
0x00000000610b0000 - 0x00000000610c6000 	C:\Program Files\Java\jdk1.8.0_144\jre\bin\zip.dll

VM Arguments:
jvm_args: -javaagent:C:\Program Files\JetBrains\IntelliJ IDEA 2018.1.4\lib\idea_rt.jar=53644:C:\Program Files\JetBrains\IntelliJ IDEA 2018.1.4\bin -Dfile.encoding=UTF-8 
java_command: View.LBSwing
java_class_path (initial): C:\Program Files\Java\jdk1.8.0_144\jre\lib\charsets.jar;C:\Program Files\Java\jdk1.8.0_144\jre\lib\deploy.jar;C:\Program Files\Java\jdk1.8.0_144\jre\lib\ext\access-bridge-64.jar;C:\Program Files\Java\jdk1.8.0_144\jre\lib\ext\cldrdata.jar;C:\Program Files\Java\jdk1.8.0_144\jre\lib\ext\dnsns.jar;C:\Program Files\Java\jdk1.8.0_144\jre\lib\ext\jaccess.jar;C:\Program Files\Java\jdk1.8.0_144\jre\lib\ext\jfxrt.jar;C:\Program Files\Java\jdk1.8.0_144\jre\lib\ext\localedata.jar;C:\Program Files\Java\jdk1.8.0_144\jre\lib\ext\nashorn.jar;C:\Program Files\Java\jdk1.8.0_144\jre\lib\ext\sunec.jar;C:\Program Files\Java\jdk1.8.0_144\jre\lib\ext\sunjce_provider.jar;C:\Program Files\Java\jdk1.8.0_144\jre\lib\ext\sunmscapi.jar;C:\Program Files\Java\jdk1.8.0_144\jre\lib\ext\sunpkcs11.jar;C:\Program Files\Java\jdk1.8.0_144\jre\lib\ext\zipfs.jar;C:\Program Files\Java\jdk1.8.0_144\jre\lib\javaws.jar;C:\Program Files\Java\jdk1.8.0_144\jre\lib\jce.jar;C:\Program Files\Java\jdk1.8.0_144\jre\lib\jfr.jar;C:\Program Files\Java\jdk1.8.0_144\jre\lib\jfxswt.jar;C:\Program Files\Java\jdk1.8.0_144\jre\lib\jsse.jar;C:\Program Files\Java\jdk1.8.0_144\jre\lib\management-agent.jar;C:\Program Files\Java\jdk1.8.0_144\jre\lib\plugin.jar;C:\Program Files\Java\jdk1.8.0_144\jre\lib\resources.jar;C:\Program Files\Java\jdk1.8.0_144\jre\lib\rt.jar;E:\CKCC JAVA\Library Final Project\Library Final Project\target\classes;C:\Users\user\.m2\repository\mysql\mysql-connector-java\8.0.11\mysql-connector-java-8.0.11.jar;C:\Users\user\.m2\repository\com\google\protobuf\protobuf-java\2.6.0\protobuf-java-2.6.0.jar;C:\Users\user\.m2\repository\org\hibernate\hibernate-core\5.3.2.Final\hibernate-core-5.3.2.Final.jar;C:\Users\user\.m2\repository\org\jboss\logging\jboss-logging\3.3.2.Final\jboss-logging-3.3.2.Final.jar;C:\Users\user\.m2\repository\javax\persistence\javax.persistence-api\2.2\javax.persistence-api-2.2.jar;C:\Users\user\.m2\repository\org\javassist\javassist\3.22.0-GA\javassist-3.22.0-GA
Launcher Type: SUN_STANDARD

Environment Variables:
JAVA_HOME=C:\Program Files\Java\jdk1.8.0_60
PATH=c:\app\user\product\11.2.0\dbhome_1\bin;C:\ProgramData\Oracle\Java\javapath;C:\WINDOWS\system32;C:\WINDOWS;C:\WINDOWS\System32\Wbem;C:\WINDOWS\System32\WindowsPowerShell\v1.0\;C:\Program Files\Java\jdk1.8.0_144\bin;C:\xampp\php;C:\ProgramData\ComposerSetup\bin;C:\Program Files\Microsoft\Web Platform Installer\;C:\Program Files (x86)\Microsoft ASP.NET\ASP.NET Web Pages\v1.0\;C:\Program Files (x86)\Windows Kits\8.0\Windows Performance Toolkit\;C:\Program Files\Microsoft SQL Server\110\Tools\Binn\;C:\Program Files\Git\cmd;C:\Program Files\Java\jdk1.8.0_60\bin;;C:\PostgreSQL\pg10\bin;C:\WINDOWS\System32\OpenSSH\;C:\Program Files\TortoiseGit\bin;C:\Users\user\AppData\Roaming\Composer\vendor\bin;C:\Users\user\AppData\Local\Microsoft\WindowsApps;;C:\Program Files\Microsoft VS Code\bin
USERNAME=user
OS=Windows_NT
PROCESSOR_IDENTIFIER=Intel64 Family 6 Model 58 Stepping 9, GenuineIntel



---------------  S Y S T E M  ---------------

OS: Windows 10.0 , 64 bit Build 17134 (10.0.17134.1)

CPU:total 4 (initial active 4) (2 cores per cpu, 2 threads per core) family 6 model 58 stepping 9, cmov, cx8, fxsr, mmx, sse, sse2, sse3, ssse3, sse4.1, sse4.2, popcnt, avx, aes, clmul, erms, ht, tsc, tscinvbit, tscinv

Memory: 4k page, physical 4083920k(320556k free), swap 16666832k(4228k free)

vm_info: Java HotSpot(TM) 64-Bit Server VM (25.144-b01) for windows-amd64 JRE (1.8.0_144-b01), built on Jul 21 2017 21:57:33 by "java_re" with MS VC++ 10.0 (VS2010)

time: Sun Jul 29 14:38:59 2018
elapsed time: 1 seconds (0d 0h 0m 1s)

