#
# There is insufficient memory for the Java Runtime Environment to continue.
# Native memory allocation (malloc) failed to allocate 131088 bytes for Chunk::new
# Possible reasons:
#   The system is out of physical RAM or swap space
#   In 32 bit mode, the process size limit was hit
# Possible solutions:
#   Reduce memory load on the system
#   Increase physical memory or swap space
#   Check if swap backing store is full
#   Use 64 bit Java on a 64 bit OS
#   Decrease Java heap size (-Xmx/-Xms)
#   Decrease number of Java threads
#   Decrease Java thread stack sizes (-Xss)
#   Set larger code cache with -XX:ReservedCodeCacheSize=
# This output file may be truncated or incomplete.
#
#  Out of Memory Error (allocation.cpp:390), pid=32, tid=0x00000000000053dc
#
# JRE version: Java(TM) SE Runtime Environment (8.0_144-b01) (build 1.8.0_144-b01)
# Java VM: Java HotSpot(TM) 64-Bit Server VM (25.144-b01 mixed mode windows-amd64 compressed oops)
# Failed to write core dump. Minidumps are not enabled by default on client versions of Windows
#

---------------  T H R E A D  ---------------

Current thread (0x0000000016cfc000):  JavaThread "C2 CompilerThread1" daemon [_thread_in_native, id=21468, stack(0x0000000017200000,0x0000000017300000)]

Stack: [0x0000000017200000,0x0000000017300000]
[error occurred during error reporting (printing stack bounds), id 0xc0000005]

Native frames: (J=compiled Java code, j=interpreted, Vv=VM code, C=native code)


Current CompileTask:
C2:  11717 1759   !   4       sun.misc.URLClassPath$JarLoader::getResource (353 bytes)


---------------  P R O C E S S  ---------------

Java Threads: ( => current thread )
  0x000000001a51a800 JavaThread "pool-1-thread-1" [_thread_blocked, id=13220, stack(0x000000001bc80000,0x000000001bd80000)]
  0x000000001a27a800 JavaThread "Abandoned connection cleanup thread" daemon [_thread_blocked, id=3756, stack(0x000000001b980000,0x000000001ba80000)]
  0x0000000017976800 JavaThread "TimerQueue" daemon [_thread_blocked, id=20056, stack(0x0000000019eb0000,0x0000000019fb0000)]
  0x0000000002ed3000 JavaThread "DestroyJavaVM" [_thread_blocked, id=1916, stack(0x0000000002c10000,0x0000000002d10000)]
  0x00000000178e5000 JavaThread "AWT-EventQueue-0" [_thread_in_native, id=14508, stack(0x0000000018ae0000,0x0000000018be0000)]
  0x0000000017823800 JavaThread "AWT-Windows" daemon [_thread_in_native, id=19140, stack(0x0000000018210000,0x0000000018310000)]
  0x0000000017822800 JavaThread "AWT-Shutdown" [_thread_blocked, id=3220, stack(0x0000000018110000,0x0000000018210000)]
  0x000000001781a800 JavaThread "Java2D Disposer" daemon [_thread_blocked, id=8224, stack(0x0000000018010000,0x0000000018110000)]
  0x0000000016d79000 JavaThread "Service Thread" daemon [_thread_blocked, id=16948, stack(0x0000000017400000,0x0000000017500000)]
  0x0000000016d58000 JavaThread "C1 CompilerThread2" daemon [_thread_blocked, id=11336, stack(0x0000000017300000,0x0000000017400000)]
=>0x0000000016cfc000 JavaThread "C2 CompilerThread1" daemon [_thread_in_native, id=21468, stack(0x0000000017200000,0x0000000017300000)]
  0x000000001560a000 JavaThread "C2 CompilerThread0" daemon [_thread_blocked, id=14636, stack(0x0000000017100000,0x0000000017200000)]
  0x0000000016c98000 JavaThread "Monitor Ctrl-Break" daemon [_thread_in_native, id=16256, stack(0x0000000017000000,0x0000000017100000)]
  0x00000000155ba800 JavaThread "Attach Listener" daemon [_thread_blocked, id=15692, stack(0x0000000016b00000,0x0000000016c00000)]
  0x00000000155b9000 JavaThread "Signal Dispatcher" daemon [_thread_blocked, id=2984, stack(0x0000000016a00000,0x0000000016b00000)]
  0x0000000015599000 JavaThread "Finalizer" daemon [_thread_blocked, id=2980, stack(0x0000000016810000,0x0000000016910000)]
  0x0000000002fc4000 JavaThread "Reference Handler" daemon [_thread_blocked, id=13440, stack(0x0000000016710000,0x0000000016810000)]

Other Threads:
  0x0000000015577000 VMThread [stack: 0x0000000016610000,0x0000000016710000] [id=17660]
  0x0000000016d7c000 WatcherThread [stack: 0x0000000017500000,0x0000000017600000] [id=17516]

VM state:not at safepoint (normal execution)

VM Mutex/Monitor currently owned by a thread: None

Heap:
 PSYoungGen      total 35328K, used 27044K [0x00000000eb380000, 0x00000000ed880000, 0x0000000100000000)
  eden space 32768K, 74% used [0x00000000eb380000,0x00000000ecb6bd98,0x00000000ed380000)
  from space 2560K, 99% used [0x00000000ed600000,0x00000000ed87d450,0x00000000ed880000)
  to   space 2560K, 0% used [0x00000000ed380000,0x00000000ed380000,0x00000000ed600000)
 ParOldGen       total 29184K, used 11468K [0x00000000c1a00000, 0x00000000c3680000, 0x00000000eb380000)
  object space 29184K, 39% used [0x00000000c1a00000,0x00000000c2533218,0x00000000c3680000)
 Metaspace       used 30732K, capacity 31082K, committed 31616K, reserved 1077248K
  class space    used 4089K, capacity 4197K, committed 4224K, reserved 1048576K

Card table byte_map: [0x0000000012390000,0x0000000012590000] byte_map_base: 0x0000000011d83000

Marking Bits: (ParMarkBitMap*) 0x000000006191d850
 Begin Bits: [0x0000000012ae0000, 0x0000000013a78000)
 End Bits:   [0x0000000013a78000, 0x0000000014a10000)

Polling page: 0x0000000002d10000

CodeCache: size=245760Kb used=5721Kb max_used=5721Kb free=240038Kb
 bounds [0x0000000002fd0000, 0x0000000003570000, 0x0000000011fd0000]
 total_blobs=2367 nmethods=1758 adapters=521
 compilation: enabled

Compilation events (10 events):
Event: 10.899 Thread 0x0000000016d58000 nmethod 1754 0x0000000003552dd0 code [0x0000000003552f40, 0x0000000003553148]
Event: 10.900 Thread 0x0000000016d58000 1755  s    3       java.util.logging.LogManager$LoggerContext::addLocalLogger (248 bytes)
Event: 10.902 Thread 0x0000000016d58000 nmethod 1755 0x0000000003564610 code [0x00000000035649e0, 0x0000000003566ef8]
Event: 10.902 Thread 0x0000000016d58000 1756       3       java.lang.reflect.Modifier::isProtected (12 bytes)
Event: 10.903 Thread 0x0000000016d58000 nmethod 1756 0x00000000035683d0 code [0x0000000003568520, 0x00000000035686b0]
Event: 10.903 Thread 0x0000000016d58000 1757       3       java.lang.invoke.MethodTypeForm::cachedLambdaForm (44 bytes)
Event: 10.903 Thread 0x0000000016d58000 nmethod 1757 0x0000000003568710 code [0x00000000035688a0, 0x0000000003568cf0]
Event: 10.904 Thread 0x0000000016d58000 1758       3       sun.reflect.ConstructorAccessorImpl::<init> (5 bytes)
Event: 10.904 Thread 0x0000000016d58000 nmethod 1758 0x0000000003568e50 code [0x0000000003568fc0, 0x00000000035691d0]
Event: 11.658 Thread 0x0000000016cfc000 1759   !   4       sun.misc.URLClassPath$JarLoader::getResource (353 bytes)

GC Heap History (10 events):
Event: 6.629 GC heap before
{Heap before GC invocations=3 (full 0):
 PSYoungGen      total 18944K, used 18369K [0x00000000eb380000, 0x00000000ec880000, 0x0000000100000000)
  eden space 16384K, 99% used [0x00000000eb380000,0x00000000ec370980,0x00000000ec380000)
  from space 2560K, 79% used [0x00000000ec600000,0x00000000ec7ffb98,0x00000000ec880000)
  to   space 2560K, 0% used [0x00000000ec380000,0x00000000ec380000,0x00000000ec600000)
 ParOldGen       total 44032K, used 3785K [0x00000000c1a00000, 0x00000000c4500000, 0x00000000eb380000)
  object space 44032K, 8% used [0x00000000c1a00000,0x00000000c1db2768,0x00000000c4500000)
 Metaspace       used 12641K, capacity 12880K, committed 13056K, reserved 1060864K
  class space    used 1572K, capacity 1666K, committed 1792K, reserved 1048576K
Event: 6.631 GC heap after
Heap after GC invocations=3 (full 0):
 PSYoungGen      total 18944K, used 2051K [0x00000000eb380000, 0x00000000ed880000, 0x0000000100000000)
  eden space 16384K, 0% used [0x00000000eb380000,0x00000000eb380000,0x00000000ec380000)
  from space 2560K, 80% used [0x00000000ec380000,0x00000000ec580ed0,0x00000000ec600000)
  to   space 2560K, 0% used [0x00000000ed600000,0x00000000ed600000,0x00000000ed880000)
 ParOldGen       total 44032K, used 3785K [0x00000000c1a00000, 0x00000000c4500000, 0x00000000eb380000)
  object space 44032K, 8% used [0x00000000c1a00000,0x00000000c1db2768,0x00000000c4500000)
 Metaspace       used 12641K, capacity 12880K, committed 13056K, reserved 1060864K
  class space    used 1572K, capacity 1666K, committed 1792K, reserved 1048576K
}
Event: 6.898 GC heap before
{Heap before GC invocations=4 (full 0):
 PSYoungGen      total 18944K, used 18435K [0x00000000eb380000, 0x00000000ed880000, 0x0000000100000000)
  eden space 16384K, 100% used [0x00000000eb380000,0x00000000ec380000,0x00000000ec380000)
  from space 2560K, 80% used [0x00000000ec380000,0x00000000ec580ed0,0x00000000ec600000)
  to   space 2560K, 0% used [0x00000000ed600000,0x00000000ed600000,0x00000000ed880000)
 ParOldGen       total 44032K, used 3785K [0x00000000c1a00000, 0x00000000c4500000, 0x00000000eb380000)
  object space 44032K, 8% used [0x00000000c1a00000,0x00000000c1db2768,0x00000000c4500000)
 Metaspace       used 15399K, capacity 15636K, committed 16000K, reserved 1062912K
  class space    used 1969K, capacity 2052K, committed 2176K, reserved 1048576K
Event: 6.905 GC heap after
Heap after GC invocations=4 (full 0):
 PSYoungGen      total 35328K, used 2528K [0x00000000eb380000, 0x00000000ed880000, 0x0000000100000000)
  eden space 32768K, 0% used [0x00000000eb380000,0x00000000eb380000,0x00000000ed380000)
  from space 2560K, 98% used [0x00000000ed600000,0x00000000ed8781e8,0x00000000ed880000)
  to   space 2560K, 0% used [0x00000000ed380000,0x00000000ed380000,0x00000000ed600000)
 ParOldGen       total 44032K, used 5494K [0x00000000c1a00000, 0x00000000c4500000, 0x00000000eb380000)
  object space 44032K, 12% used [0x00000000c1a00000,0x00000000c1f5db50,0x00000000c4500000)
 Metaspace       used 15399K, capacity 15636K, committed 16000K, reserved 1062912K
  class space    used 1969K, capacity 2052K, committed 2176K, reserved 1048576K
}
Event: 7.248 GC heap before
{Heap before GC invocations=5 (full 0):
 PSYoungGen      total 35328K, used 17476K [0x00000000eb380000, 0x00000000ed880000, 0x0000000100000000)
  eden space 32768K, 45% used [0x00000000eb380000,0x00000000ec219058,0x00000000ed380000)
  from space 2560K, 98% used [0x00000000ed600000,0x00000000ed8781e8,0x00000000ed880000)
  to   space 2560K, 0% used [0x00000000ed380000,0x00000000ed380000,0x00000000ed600000)
 ParOldGen       total 44032K, used 5494K [0x00000000c1a00000, 0x00000000c4500000, 0x00000000eb380000)
  object space 44032K, 12% used [0x00000000c1a00000,0x00000000c1f5db50,0x00000000c4500000)
 Metaspace       used 20913K, capacity 21104K, committed 21248K, reserved 1067008K
  class space    used 2711K, capacity 2798K, committed 2816K, reserved 1048576K
Event: 7.253 GC heap after
Heap after GC invocations=5 (full 0):
 PSYoungGen      total 35328K, used 2528K [0x00000000eb380000, 0x00000000ed880000, 0x0000000100000000)
  eden space 32768K, 0% used [0x00000000eb380000,0x00000000eb380000,0x00000000ed380000)
  from space 2560K, 98% used [0x00000000ed380000,0x00000000ed5f81e8,0x00000000ed600000)
  to   space 2560K, 0% used [0x00000000ed600000,0x00000000ed600000,0x00000000ed880000)
 ParOldGen       total 44032K, used 7244K [0x00000000c1a00000, 0x00000000c4500000, 0x00000000eb380000)
  object space 44032K, 16% used [0x00000000c1a00000,0x00000000c2113058,0x00000000c4500000)
 Metaspace       used 20913K, capacity 21104K, committed 21248K, reserved 1067008K
  class space    used 2711K, capacity 2798K, committed 2816K, reserved 1048576K
}
Event: 7.253 GC heap before
{Heap before GC invocations=6 (full 1):
 PSYoungGen      total 35328K, used 2528K [0x00000000eb380000, 0x00000000ed880000, 0x0000000100000000)
  eden space 32768K, 0% used [0x00000000eb380000,0x00000000eb380000,0x00000000ed380000)
  from space 2560K, 98% used [0x00000000ed380000,0x00000000ed5f81e8,0x00000000ed600000)
  to   space 2560K, 0% used [0x00000000ed600000,0x00000000ed600000,0x00000000ed880000)
 ParOldGen       total 44032K, used 7244K [0x00000000c1a00000, 0x00000000c4500000, 0x00000000eb380000)
  object space 44032K, 16% used [0x00000000c1a00000,0x00000000c2113058,0x00000000c4500000)
 Metaspace       used 20913K, capacity 21104K, committed 21248K, reserved 1067008K
  class space    used 2711K, capacity 2798K, committed 2816K, reserved 1048576K
Event: 7.277 GC heap after
Heap after GC invocations=6 (full 1):
 PSYoungGen      total 35328K, used 0K [0x00000000eb380000, 0x00000000ed880000, 0x0000000100000000)
  eden space 32768K, 0% used [0x00000000eb380000,0x00000000eb380000,0x00000000ed380000)
  from space 2560K, 0% used [0x00000000ed380000,0x00000000ed380000,0x00000000ed600000)
  to   space 2560K, 0% used [0x00000000ed600000,0x00000000ed600000,0x00000000ed880000)
 ParOldGen       total 29184K, used 8081K [0x00000000c1a00000, 0x00000000c3680000, 0x00000000eb380000)
  object space 29184K, 27% used [0x00000000c1a00000,0x00000000c21e47f0,0x00000000c3680000)
 Metaspace       used 20913K, capacity 21104K, committed 21248K, reserved 1067008K
  class space    used 2711K, capacity 2798K, committed 2816K, reserved 1048576K
}
Event: 8.632 GC heap before
{Heap before GC invocations=7 (full 1):
 PSYoungGen      total 35328K, used 32768K [0x00000000eb380000, 0x00000000ed880000, 0x0000000100000000)
  eden space 32768K, 100% used [0x00000000eb380000,0x00000000ed380000,0x00000000ed380000)
  from space 2560K, 0% used [0x00000000ed380000,0x00000000ed380000,0x00000000ed600000)
  to   space 2560K, 0% used [0x00000000ed600000,0x00000000ed600000,0x00000000ed880000)
 ParOldGen       total 29184K, used 8081K [0x00000000c1a00000, 0x00000000c3680000, 0x00000000eb380000)
  object space 29184K, 27% used [0x00000000c1a00000,0x00000000c21e47f0,0x00000000c3680000)
 Metaspace       used 27268K, capacity 27652K, committed 27904K, reserved 1073152K
  class space    used 3607K, capacity 3740K, committed 3840K, reserved 1048576K
Event: 8.644 GC heap after
Heap after GC invocations=7 (full 1):
 PSYoungGen      total 35328K, used 2549K [0x00000000eb380000, 0x00000000ed880000, 0x0000000100000000)
  eden space 32768K, 0% used [0x00000000eb380000,0x00000000eb380000,0x00000000ed380000)
  from space 2560K, 99% used [0x00000000ed600000,0x00000000ed87d450,0x00000000ed880000)
  to   space 2560K, 0% used [0x00000000ed380000,0x00000000ed380000,0x00000000ed600000)
 ParOldGen       total 29184K, used 11468K [0x00000000c1a00000, 0x00000000c3680000, 0x00000000eb380000)
  object space 29184K, 39% used [0x00000000c1a00000,0x00000000c2533218,0x00000000c3680000)
 Metaspace       used 27268K, capacity 27652K, committed 27904K, reserved 1073152K
  class space    used 3607K, capacity 3740K, committed 3840K, reserved 1048576K
}

Deoptimization events (10 events):
Event: 7.024 Thread 0x00000000178e5000 Uncommon trap: reason=class_check action=maybe_recompile pc=0x00000000033d4b74 method=java.util.HashMap.putVal(ILjava/lang/Object;Ljava/lang/Object;ZZ)Ljava/lang/Object; @ 203
Event: 7.041 Thread 0x00000000178e5000 Uncommon trap: reason=class_check action=maybe_recompile pc=0x00000000033d9440 method=java.util.HashMap.putVal(ILjava/lang/Object;Ljava/lang/Object;ZZ)Ljava/lang/Object; @ 203
Event: 7.041 Thread 0x00000000178e5000 Uncommon trap: reason=class_check action=maybe_recompile pc=0x00000000033d9440 method=java.util.HashMap.putVal(ILjava/lang/Object;Ljava/lang/Object;ZZ)Ljava/lang/Object; @ 203
Event: 7.049 Thread 0x00000000178e5000 Uncommon trap: reason=range_check action=make_not_entrant pc=0x00000000033e7aa0 method=sun.reflect.generics.parser.SignatureParser.current()C @ 34
Event: 7.202 Thread 0x00000000178e5000 Uncommon trap: reason=unstable_if action=reinterpret pc=0x000000000330295c method=java.lang.String.indexOf([CII[CIII)I @ 3
Event: 7.474 Thread 0x00000000178e5000 Uncommon trap: reason=unstable_if action=reinterpret pc=0x0000000003386564 method=java.io.WinNTFileSystem.normalize(Ljava/lang/String;)Ljava/lang/String; @ 128
Event: 7.623 Thread 0x000000001a27a800 Uncommon trap: reason=unstable_if action=reinterpret pc=0x00000000033498b0 method=java.util.zip.ZipCoder.getBytes(Ljava/lang/String;)[B @ 32
Event: 7.745 Thread 0x00000000178e5000 Uncommon trap: reason=predicate action=maybe_recompile pc=0x00000000033b4b7c method=sun.net.www.ParseUtil.encodePath(Ljava/lang/String;Z)Ljava/lang/String; @ 36
Event: 7.789 Thread 0x00000000178e5000 Uncommon trap: reason=unstable_if action=reinterpret pc=0x00000000034bcb54 method=sun.misc.ASCIICaseInsensitiveComparator.compare(Ljava/lang/String;Ljava/lang/String;)I @ 83
Event: 7.812 Thread 0x00000000178e5000 Uncommon trap: reason=class_check action=maybe_recompile pc=0x00000000033d9440 method=java.util.HashMap.putVal(ILjava/lang/Object;Ljava/lang/Object;ZZ)Ljava/lang/Object; @ 203

Internal exceptions (10 events):
Event: 6.983 Thread 0x00000000178e5000 Exception <a 'java/lang/ClassNotFoundException': com/sun/org/glassfish/hk2/osgiresourcelocator/ServiceLoader> (0x00000000eb73ad50) thrown at [C:\re\workspace\8-2-build-windows-amd64-cygwin\jdk8u144\9417\hotspot\src\share\vm\classfile\systemDictionary.cpp,
Event: 6.988 Thread 0x00000000178e5000 Exception <a 'java/lang/NullPointerException'> (0x00000000eb767590) thrown at [C:\re\workspace\8-2-build-windows-amd64-cygwin\jdk8u144\9417\hotspot\src\share\vm\interpreter\linkResolver.cpp, line 1299]
Event: 7.037 Thread 0x00000000178e5000 Exception <a 'java/lang/ArrayIndexOutOfBoundsException'> (0x00000000eb8cef28) thrown at [C:\re\workspace\8-2-build-windows-amd64-cygwin\jdk8u144\9417\hotspot\src\share\vm\runtime\sharedRuntime.cpp, line 605]
Event: 7.037 Thread 0x00000000178e5000 Exception <a 'java/lang/ArrayIndexOutOfBoundsException'> (0x00000000eb8d1068) thrown at [C:\re\workspace\8-2-build-windows-amd64-cygwin\jdk8u144\9417\hotspot\src\share\vm\runtime\sharedRuntime.cpp, line 605]
Event: 7.038 Thread 0x00000000178e5000 Exception <a 'java/lang/ArrayIndexOutOfBoundsException'> (0x00000000eb8d4c58) thrown at [C:\re\workspace\8-2-build-windows-amd64-cygwin\jdk8u144\9417\hotspot\src\share\vm\runtime\sharedRuntime.cpp, line 605]
Event: 7.049 Thread 0x00000000178e5000 Exception <a 'java/lang/ArrayIndexOutOfBoundsException': 79> (0x00000000eb9369a0) thrown at [C:\re\workspace\8-2-build-windows-amd64-cygwin\jdk8u144\9417\hotspot\src\share\vm\interpreter\interpreterRuntime.cpp, line 366]
Event: 7.050 Thread 0x00000000178e5000 Exception <a 'java/lang/ArrayIndexOutOfBoundsException': 78> (0x00000000eb938740) thrown at [C:\re\workspace\8-2-build-windows-amd64-cygwin\jdk8u144\9417\hotspot\src\share\vm\interpreter\interpreterRuntime.cpp, line 366]
Event: 7.050 Thread 0x00000000178e5000 Exception <a 'java/lang/ArrayIndexOutOfBoundsException': 81> (0x00000000eb939ad0) thrown at [C:\re\workspace\8-2-build-windows-amd64-cygwin\jdk8u144\9417\hotspot\src\share\vm\interpreter\interpreterRuntime.cpp, line 366]
Event: 7.050 Thread 0x00000000178e5000 Exception <a 'java/lang/ArrayIndexOutOfBoundsException': 38> (0x00000000eb93aa28) thrown at [C:\re\workspace\8-2-build-windows-amd64-cygwin\jdk8u144\9417\hotspot\src\share\vm\interpreter\interpreterRuntime.cpp, line 366]
Event: 7.050 Thread 0x00000000178e5000 Exception <a 'java/lang/ArrayIndexOutOfBoundsException': 83> (0x00000000eb93bdf0) thrown at [C:\re\workspace\8-2-build-windows-amd64-cygwin\jdk8u144\9417\hotspot\src\share\vm\interpreter\interpreterRuntime.cpp, line 366]

Events (10 events):
Event: 11.622 loading class net/bytebuddy/dynamic/DynamicType$Builder$MethodDefinition$ImplementationDefinition$AbstractBase done
Event: 11.629 loading class net/bytebuddy/dynamic/DynamicType$Builder$MethodDefinition$ReceiverTypeDefinition
Event: 11.629 loading class net/bytebuddy/dynamic/DynamicType$Builder$MethodDefinition$ReceiverTypeDefinition done
Event: 11.656 loading class net/bytebuddy/dynamic/DynamicType$Builder$MethodDefinition
Event: 11.656 loading class net/bytebuddy/dynamic/DynamicType$Builder$MethodDefinition done
Event: 11.657 loading class org/hibernate/proxy/ProxyConfiguration$InterceptorDispatcher
Event: 11.657 loading class org/hibernate/proxy/ProxyConfiguration$InterceptorDispatcher done
Event: 11.657 loading class net/bytebuddy/implementation/MethodDelegation
Event: 11.657 loading class net/bytebuddy/implementation/MethodDelegation done
Event: 11.692 loading class net/bytebuddy/implementation/Implementation$Composable


Dynamic libraries:
0x00007ff7b5ef0000 - 0x00007ff7b5f27000 	C:\Program Files\Java\jdk1.8.0_144\bin\java.exe
0x00007ff904350000 - 0x00007ff904531000 	C:\WINDOWS\SYSTEM32\ntdll.dll
0x00007ff8fe080000 - 0x00007ff8fe0b4000 	C:\Program Files\AVAST Software\Avast\x64\aswhooka.dll
0x00007ff903d50000 - 0x00007ff903e02000 	C:\WINDOWS\System32\KERNEL32.DLL
0x00007ff901120000 - 0x00007ff901393000 	C:\WINDOWS\System32\KERNELBASE.dll
0x00007ff9017e0000 - 0x00007ff901881000 	C:\WINDOWS\System32\ADVAPI32.dll
0x00007ff904270000 - 0x00007ff90430e000 	C:\WINDOWS\System32\msvcrt.dll
0x00007ff901890000 - 0x00007ff9018eb000 	C:\WINDOWS\System32\sechost.dll
0x00007ff9039a0000 - 0x00007ff903ac4000 	C:\WINDOWS\System32\RPCRT4.dll
0x00007ff901fe0000 - 0x00007ff902170000 	C:\WINDOWS\System32\USER32.dll
0x00007ff9014a0000 - 0x00007ff9014c0000 	C:\WINDOWS\System32\win32u.dll
0x00007ff903810000 - 0x00007ff903838000 	C:\WINDOWS\System32\GDI32.dll
0x00007ff900f80000 - 0x00007ff901112000 	C:\WINDOWS\System32\gdi32full.dll
0x00007ff900720000 - 0x00007ff9007bf000 	C:\WINDOWS\System32\msvcp_win.dll
0x00007ff9013a0000 - 0x00007ff90149a000 	C:\WINDOWS\System32\ucrtbase.dll
0x00007ff8f90b0000 - 0x00007ff8f9319000 	C:\WINDOWS\WinSxS\amd64_microsoft.windows.common-controls_6595b64144ccf1df_6.0.17134.165_none_fb429645306569ac\COMCTL32.dll
0x00007ff903f40000 - 0x00007ff904263000 	C:\WINDOWS\System32\combase.dll
0x00007ff901710000 - 0x00007ff90178a000 	C:\WINDOWS\System32\bcryptPrimitives.dll
0x00007ff903c50000 - 0x00007ff903c7d000 	C:\WINDOWS\System32\IMM32.DLL
0x00000000623a0000 - 0x0000000062472000 	C:\Program Files\Java\jdk1.8.0_144\jre\bin\msvcr100.dll
0x0000000061100000 - 0x000000006199d000 	C:\Program Files\Java\jdk1.8.0_144\jre\bin\server\jvm.dll
0x00007ff904310000 - 0x00007ff904318000 	C:\WINDOWS\System32\PSAPI.DLL
0x00007ff8eedb0000 - 0x00007ff8eedb9000 	C:\WINDOWS\SYSTEM32\WSOCK32.dll
0x00007ff903630000 - 0x00007ff90369c000 	C:\WINDOWS\System32\WS2_32.dll
0x00007ff8fe590000 - 0x00007ff8fe5b3000 	C:\WINDOWS\SYSTEM32\WINMM.dll
0x00007ff8f9a10000 - 0x00007ff8f9a1a000 	C:\WINDOWS\SYSTEM32\VERSION.dll
0x00007ff8fe560000 - 0x00007ff8fe58a000 	C:\WINDOWS\SYSTEM32\WINMMBASE.dll
0x00007ff901790000 - 0x00007ff9017d9000 	C:\WINDOWS\System32\cfgmgr32.dll
0x00000000610f0000 - 0x00000000610ff000 	C:\Program Files\Java\jdk1.8.0_144\jre\bin\verify.dll
0x00000000610c0000 - 0x00000000610e9000 	C:\Program Files\Java\jdk1.8.0_144\jre\bin\java.dll
0x0000000060f50000 - 0x0000000060f73000 	C:\Program Files\Java\jdk1.8.0_144\jre\bin\instrument.dll
0x00000000610a0000 - 0x00000000610b6000 	C:\Program Files\Java\jdk1.8.0_144\jre\bin\zip.dll
0x00007ff9021f0000 - 0x00007ff903630000 	C:\WINDOWS\System32\SHELL32.dll
0x00007ff903e10000 - 0x00007ff903eb9000 	C:\WINDOWS\System32\shcore.dll
0x00007ff9007c0000 - 0x00007ff900ecd000 	C:\WINDOWS\System32\windows.storage.dll
0x00007ff903ce0000 - 0x00007ff903d31000 	C:\WINDOWS\System32\shlwapi.dll
0x00007ff900690000 - 0x00007ff9006a1000 	C:\WINDOWS\System32\kernel.appcore.dll
0x00007ff900670000 - 0x00007ff90068f000 	C:\WINDOWS\System32\profapi.dll
0x00007ff9006b0000 - 0x00007ff9006fc000 	C:\WINDOWS\System32\powrprof.dll
0x00007ff900660000 - 0x00007ff90066a000 	C:\WINDOWS\System32\FLTLIB.DLL
0x00007ff8e98a0000 - 0x00007ff8e98ba000 	C:\Program Files\JetBrains\IntelliJ IDEA 2018.1.4\bin\breakgen64.dll
0x0000000061080000 - 0x000000006109a000 	C:\Program Files\Java\jdk1.8.0_144\jre\bin\net.dll
0x00007ff8ffe80000 - 0x00007ff8ffee6000 	C:\WINDOWS\system32\mswsock.dll
0x0000000060db0000 - 0x0000000060f48000 	C:\Program Files\Java\jdk1.8.0_144\jre\bin\awt.dll
0x00007ff9036a0000 - 0x00007ff903762000 	C:\WINDOWS\System32\OLEAUT32.dll
0x00007ff8fec70000 - 0x00007ff8fecfb000 	C:\WINDOWS\SYSTEM32\apphelp.dll
0x00007ff8ff000000 - 0x00007ff8ff029000 	C:\WINDOWS\system32\DWMAPI.DLL
0x00007ff8feee0000 - 0x00007ff8fef78000 	C:\WINDOWS\system32\uxtheme.dll
0x00007ff8e8bd0000 - 0x00007ff8e8cf0000 	C:\WINDOWS\system32\opengl32.dll
0x00007ff8f2070000 - 0x00007ff8f209c000 	C:\WINDOWS\SYSTEM32\GLU32.dll
0x00007ff903ad0000 - 0x00007ff903c45000 	C:\WINDOWS\System32\MSCTF.dll
0x00007ff903840000 - 0x00007ff903991000 	C:\WINDOWS\System32\ole32.dll
0x0000000060d60000 - 0x0000000060da7000 	C:\Program Files\Java\jdk1.8.0_144\jre\bin\fontmanager.dll
0x0000000061060000 - 0x0000000061071000 	C:\Program Files\Java\jdk1.8.0_144\jre\bin\nio.dll
0x0000000060d10000 - 0x0000000060d52000 	C:\Program Files\Java\jdk1.8.0_144\jre\bin\t2k.dll
0x00007ff8f93f0000 - 0x00007ff8f9488000 	C:\WINDOWS\System32\TextInputFramework.dll
0x00007ff8f9490000 - 0x00007ff8f97ae000 	C:\WINDOWS\System32\CoreUIComponents.dll
0x00007ff8fe9a0000 - 0x00007ff8fea7a000 	C:\WINDOWS\System32\CoreMessaging.dll
0x00007ff8ff750000 - 0x00007ff8ff781000 	C:\WINDOWS\SYSTEM32\ntmarta.dll
0x00007ff8fa720000 - 0x00007ff8fa86d000 	C:\WINDOWS\SYSTEM32\wintypes.dll
0x00007ff903770000 - 0x00007ff903810000 	C:\WINDOWS\System32\clbcatq.dll
0x00007ff8f7b60000 - 0x00007ff8f7d0e000 	C:\WINDOWS\SYSTEM32\WindowsCodecs.dll
0x00007ff8fa020000 - 0x00007ff8fa078000 	C:\WINDOWS\system32\dataexchange.dll
0x00007ff8fc600000 - 0x00007ff8fc90b000 	C:\WINDOWS\system32\d3d11.dll
0x00007ff8fdb60000 - 0x00007ff8fdcfc000 	C:\WINDOWS\system32\dcomp.dll
0x00007ff8ff420000 - 0x00007ff8ff4db000 	C:\WINDOWS\system32\dxgi.dll
0x00007ff8fed20000 - 0x00007ff8feed8000 	C:\WINDOWS\system32\twinapi.appcore.dll
0x00007ff8ff030000 - 0x00007ff8ff051000 	C:\WINDOWS\system32\RMCLIENT.dll
0x00007ff900030000 - 0x00007ff900047000 	C:\WINDOWS\SYSTEM32\CRYPTSP.dll
0x00007ff8ffa60000 - 0x00007ff8ffa93000 	C:\WINDOWS\system32\rsaenh.dll
0x00007ff900160000 - 0x00007ff900185000 	C:\WINDOWS\SYSTEM32\bcrypt.dll
0x00007ff900590000 - 0x00007ff9005b8000 	C:\WINDOWS\SYSTEM32\USERENV.dll
0x00007ff900050000 - 0x00007ff90005b000 	C:\WINDOWS\SYSTEM32\CRYPTBASE.dll
0x00007ff8ffc00000 - 0x00007ff8ffc38000 	C:\WINDOWS\SYSTEM32\IPHLPAPI.DLL
0x00007ff903d40000 - 0x00007ff903d48000 	C:\WINDOWS\System32\NSI.dll
0x00007ff8faff0000 - 0x00007ff8fb006000 	C:\WINDOWS\SYSTEM32\dhcpcsvc6.DLL
0x00007ff8fafd0000 - 0x00007ff8fafea000 	C:\WINDOWS\SYSTEM32\dhcpcsvc.DLL
0x00007ff8ffc40000 - 0x00007ff8ffcfe000 	C:\WINDOWS\SYSTEM32\DNSAPI.dll
0x00007ff8f8980000 - 0x00007ff8f898a000 	C:\Windows\System32\rasadhlp.dll
0x00007ff8fa080000 - 0x00007ff8fa0f2000 	C:\WINDOWS\System32\fwpuclnt.dll

VM Arguments:
jvm_args: -javaagent:C:\Program Files\JetBrains\IntelliJ IDEA 2018.1.4\lib\idea_rt.jar=44822:C:\Program Files\JetBrains\IntelliJ IDEA 2018.1.4\bin -Dfile.encoding=UTF-8 
java_command: View.LBSwing
java_class_path (initial): C:\Program Files\Java\jdk1.8.0_144\jre\lib\charsets.jar;C:\Program Files\Java\jdk1.8.0_144\jre\lib\deploy.jar;C:\Program Files\Java\jdk1.8.0_144\jre\lib\ext\access-bridge-64.jar;C:\Program Files\Java\jdk1.8.0_144\jre\lib\ext\cldrdata.jar;C:\Program Files\Java\jdk1.8.0_144\jre\lib\ext\dnsns.jar;C:\Program Files\Java\jdk1.8.0_144\jre\lib\ext\jaccess.jar;C:\Program Files\Java\jdk1.8.0_144\jre\lib\ext\jfxrt.jar;C:\Program Files\Java\jdk1.8.0_144\jre\lib\ext\localedata.jar;C:\Program Files\Java\jdk1.8.0_144\jre\lib\ext\nashorn.jar;C:\Program Files\Java\jdk1.8.0_144\jre\lib\ext\sunec.jar;C:\Program Files\Java\jdk1.8.0_144\jre\lib\ext\sunjce_provider.jar;C:\Program Files\Java\jdk1.8.0_144\jre\lib\ext\sunmscapi.jar;C:\Program Files\Java\jdk1.8.0_144\jre\lib\ext\sunpkcs11.jar;C:\Program Files\Java\jdk1.8.0_144\jre\lib\ext\zipfs.jar;C:\Program Files\Java\jdk1.8.0_144\jre\lib\javaws.jar;C:\Program Files\Java\jdk1.8.0_144\jre\lib\jce.jar;C:\Program Files\Java\jdk1.8.0_144\jre\lib\jfr.jar;C:\Program Files\Java\jdk1.8.0_144\jre\lib\jfxswt.jar;C:\Program Files\Java\jdk1.8.0_144\jre\lib\jsse.jar;C:\Program Files\Java\jdk1.8.0_144\jre\lib\management-agent.jar;C:\Program Files\Java\jdk1.8.0_144\jre\lib\plugin.jar;C:\Program Files\Java\jdk1.8.0_144\jre\lib\resources.jar;C:\Program Files\Java\jdk1.8.0_144\jre\lib\rt.jar;E:\CKCC JAVA\Library Final Project\Library Final Project\target\classes;C:\Users\user\.m2\repository\mysql\mysql-connector-java\8.0.11\mysql-connector-java-8.0.11.jar;C:\Users\user\.m2\repository\com\google\protobuf\protobuf-java\2.6.0\protobuf-java-2.6.0.jar;C:\Users\user\.m2\repository\org\hibernate\hibernate-core\5.3.2.Final\hibernate-core-5.3.2.Final.jar;C:\Users\user\.m2\repository\org\jboss\logging\jboss-logging\3.3.2.Final\jboss-logging-3.3.2.Final.jar;C:\Users\user\.m2\repository\javax\persistence\javax.persistence-api\2.2\javax.persistence-api-2.2.jar;C:\Users\user\.m2\repository\org\javassist\javassist\3.22.0-GA\javassist-3.22.0-GA
Launcher Type: SUN_STANDARD

Environment Variables:
JAVA_HOME=C:\Program Files\Java\jdk1.8.0_60
PATH=c:\app\user\product\11.2.0\dbhome_1\bin;C:\ProgramData\Oracle\Java\javapath;C:\WINDOWS\system32;C:\WINDOWS;C:\WINDOWS\System32\Wbem;C:\WINDOWS\System32\WindowsPowerShell\v1.0\;C:\Program Files\Java\jdk1.8.0_144\bin;C:\xampp\php;C:\ProgramData\ComposerSetup\bin;C:\Program Files\Microsoft\Web Platform Installer\;C:\Program Files (x86)\Microsoft ASP.NET\ASP.NET Web Pages\v1.0\;C:\Program Files (x86)\Windows Kits\8.0\Windows Performance Toolkit\;C:\Program Files\Microsoft SQL Server\110\Tools\Binn\;C:\Program Files\Git\cmd;C:\Program Files\Java\jdk1.8.0_60\bin;;C:\PostgreSQL\pg10\bin;C:\WINDOWS\System32\OpenSSH\;C:\Program Files\TortoiseGit\bin;C:\Users\user\AppData\Roaming\Composer\vendor\bin;C:\Users\user\AppData\Local\Microsoft\WindowsApps;;C:\Program Files\Microsoft VS Code\bin
USERNAME=user
OS=Windows_NT
PROCESSOR_IDENTIFIER=Intel64 Family 6 Model 58 Stepping 9, GenuineIntel



---------------  S Y S T E M  ---------------

OS: Windows 10.0 , 64 bit Build 17134 (10.0.17134.1)

CPU:total 4 (initial active 4) (2 cores per cpu, 2 threads per core) family 6 model 58 stepping 9, cmov, cx8, fxsr, mmx, sse, sse2, sse3, ssse3, sse4.1, sse4.2, popcnt, avx, aes, clmul, erms, ht, tsc, tscinvbit, tscinv

Memory: 4k page, physical 4083920k(394944k free), swap 16666832k(2432k free)

vm_info: Java HotSpot(TM) 64-Bit Server VM (25.144-b01) for windows-amd64 JRE (1.8.0_144-b01), built on Jul 21 2017 21:57:33 by "java_re" with MS VC++ 10.0 (VS2010)

time: Sat Jul 28 17:49:23 2018
elapsed time: 11 seconds (0d 0h 0m 11s)

